[debug] [2017-11-06T22:24:18.829Z] ----------------------------------------------------------------------
[debug] [2017-11-06T22:24:18.831Z] Command:       /Users/lok/.nvm/versions/node/v7.9.0/bin/node /Users/lok/.nvm/versions/node/v7.9.0/bin/firebase serve --only functions,hosting
[debug] [2017-11-06T22:24:18.831Z] CLI Version:   3.13.1
[debug] [2017-11-06T22:24:18.831Z] Platform:      darwin
[debug] [2017-11-06T22:24:18.831Z] Node Version:  v7.9.0
[debug] [2017-11-06T22:24:18.832Z] Time:          Tue Nov 07 2017 06:24:18 GMT+0800 (HKT)
[debug] [2017-11-06T22:24:18.832Z] ----------------------------------------------------------------------
[debug] 
[debug] [2017-11-06T22:24:18.846Z] > command requires scopes: ["email","openid","https://www.googleapis.com/auth/cloudplatformprojects.readonly","https://www.googleapis.com/auth/firebase","https://www.googleapis.com/auth/cloud-platform"]
[debug] [2017-11-06T22:24:18.847Z] > authorizing via signed-in user
[debug] [2017-11-06T22:24:18.848Z] > refreshing access token with scopes: ["email","https://www.googleapis.com/auth/cloud-platform","https://www.googleapis.com/auth/cloudplatformprojects.readonly","https://www.googleapis.com/auth/firebase","openid"]
[debug] [2017-11-06T22:24:18.849Z] >>> HTTP REQUEST POST https://www.googleapis.com/oauth2/v3/token { refresh_token: '1/sGbwP0wnm03XWWLfDIozZqbF5WSEjy9Kwj30CsRKeZ4',
  client_id: '563584335869-fgrhgmd47bqnekij5i8b5pr03ho849e6.apps.googleusercontent.com',
  client_secret: 'j9iVZfS8kkCEFUPaAeJV0sAi',
  grant_type: 'refresh_token',
  scope: 'email https://www.googleapis.com/auth/cloud-platform https://www.googleapis.com/auth/cloudplatformprojects.readonly https://www.googleapis.com/auth/firebase openid' } 
 Tue Nov 07 2017 06:24:18 GMT+0800 (HKT)
[debug] [2017-11-06T22:24:18.969Z] <<< HTTP RESPONSE 200
[debug] [2017-11-06T22:24:18.980Z] >>> HTTP REQUEST GET https://admin.firebase.com/v1/projects/loklok-zone  
 Tue Nov 07 2017 06:24:18 GMT+0800 (HKT)
[debug] [2017-11-06T22:24:19.874Z] <<< HTTP RESPONSE 200
[debug] [2017-11-06T22:24:19.875Z] >>> HTTP REQUEST GET https://admin.firebase.com/v1/database/loklok-zone/tokens  
 Tue Nov 07 2017 06:24:19 GMT+0800 (HKT)
[debug] [2017-11-06T22:24:20.816Z] <<< HTTP RESPONSE 200
[info] 
[info] === Serving from '/Volumes/Data/WONGLOK/WORK_IMPORTANT/WongLok/loklokZone'...
[info] 
[info] i  functions: Preparing to emulate functions.
[debug] [2017-11-06T22:24:21.147Z] >>> HTTP REQUEST GET https://appengine.googleapis.com/v1/apps/loklok-zone  
 Tue Nov 07 2017 06:24:21 GMT+0800 (HKT)
[debug] [2017-11-06T22:24:21.147Z] >>> HTTP REQUEST GET https://apikeys.googleapis.com/v1/projects/loklok-zone/apiKeys  
 Tue Nov 07 2017 06:24:21 GMT+0800 (HKT)
[debug] [2017-11-06T22:24:21.147Z] >>> HTTP REQUEST GET https://cloudresourcemanager.googleapis.com/v1/projects/loklok-zone  
 Tue Nov 07 2017 06:24:21 GMT+0800 (HKT)
[debug] [2017-11-06T22:24:22.176Z] <<< HTTP RESPONSE 200
[debug] [2017-11-06T22:24:22.176Z] >>> HTTP REQUEST GET https://mobilesdk-pa.googleapis.com/v1/projects/680362980709/clients/_:getWebAppConfig  
 Tue Nov 07 2017 06:24:22 GMT+0800 (HKT)
[debug] [2017-11-06T22:24:22.325Z] <<< HTTP RESPONSE 200
[debug] [2017-11-06T22:24:22.332Z] <<< HTTP RESPONSE 200
[debug] [2017-11-06T22:24:23.096Z] <<< HTTP RESPONSE 200
[info] i  hosting: Serving hosting files from: dist
[info] ✔  hosting: Local server: http://localhost:5000

[info] ✔  functions: app: http://localhost:5001/loklok-zone/us-central1/app
[info] [hosting] Rewriting /v1/vuejs/CC1EPYpIaAT2fdgnLe7sECnb4Dc2/-KxmL_bdYd_hEu_E9EsE/dist/index.html to local function app
[info] [hosting] Rewriting /v1/vuejs/CC1EPYpIaAT2fdgnLe7sECnb4Dc2/-KxmL_bdYd_hEu_E9EsE/dist/build.js to local function app
[info] [hosting] Rewriting /favicon.ico to local function app
[info] [hosting] Rewriting /index.html?_sw-precache=a6696399fe1a42429ca0c36dbee1004c to local function app
[info] [hosting] Rewriting /v1/vuejs/CC1EPYpIaAT2fdgnLe7sECnb4Dc2/-KxmL_bdYd_hEu_E9EsE/dist/index.html to local function app
[info] [hosting] Rewriting /v1/vuejs/CC1EPYpIaAT2fdgnLe7sECnb4Dc2/-KxmL_bdYd_hEu_E9EsE/dist/build.js to local function app
[info] [hosting] Rewriting /favicon.ico to local function app
[info] [hosting] Rewriting /v1/vuejs/CC1EPYpIaAT2fdgnLe7sECnb4Dc2/-KxmL_bdYd_hEu_E9EsE/dist/index.html to local function app
[info] [hosting] Rewriting /v1/vuejs/CC1EPYpIaAT2fdgnLe7sECnb4Dc2/-KxmL_bdYd_hEu_E9EsE/dist/build.js to local function app
[info] [hosting] Rewriting /favicon.ico to local function app
[info] [hosting] Rewriting /v1/vuejs/CC1EPYpIaAT2fdgnLe7sECnb4Dc2/-KxmL_bdYd_hEu_E9EsE/dist/index.html to local function app
[info] [hosting] Rewriting /v1/vuejs/CC1EPYpIaAT2fdgnLe7sECnb4Dc2/-KxmL_bdYd_hEu_E9EsE/dist/build.js to local function app
[info] [hosting] Rewriting /favicon.ico to local function app
[info] [hosting] Rewriting /v1/vuejs/CC1EPYpIaAT2fdgnLe7sECnb4Dc2/-KxmL_bdYd_hEu_E9EsE/dist/index.html?rand=0.6120053461498025 to local function app
[info] [hosting] Rewriting /v1/vuejs/CC1EPYpIaAT2fdgnLe7sECnb4Dc2/-KxmL_bdYd_hEu_E9EsE/dist/build.js to local function app
[info] [hosting] Rewriting /favicon.ico to local function app
[info] [hosting] Rewriting /v1/vuejs/CC1EPYpIaAT2fdgnLe7sECnb4Dc2/-KxmL_bdYd_hEu_E9EsE/dist/index.html to local function app
[info] [hosting] Rewriting /v1/vuejs/CC1EPYpIaAT2fdgnLe7sECnb4Dc2/-KxmL_bdYd_hEu_E9EsE/dist/index.html to local function app
[info] [hosting] Rewriting /v1/vuejs/CC1EPYpIaAT2fdgnLe7sECnb4Dc2/-KxmL_bdYd_hEu_E9EsE/dist/index.html?rand=0.752191765395583 to local function app
[info] [hosting] Rewriting /v1/vuejs/CC1EPYpIaAT2fdgnLe7sECnb4Dc2/-KxmL_bdYd_hEu_E9EsE/dist/build.js to local function app
[info] [hosting] Rewriting /favicon.ico to local function app
[info] [hosting] Rewriting /v1/vuejs/CC1EPYpIaAT2fdgnLe7sECnb4Dc2/-KxmL_bdYd_hEu_E9EsE/dist/index.html to local function app
[info] [hosting] Rewriting /v1/vuejs/CC1EPYpIaAT2fdgnLe7sECnb4Dc2/-KxmL_bdYd_hEu_E9EsE/dist/index.html?rand=0.1659118916747082 to local function app
[info] [hosting] Rewriting /v1/vuejs/CC1EPYpIaAT2fdgnLe7sECnb4Dc2/-KxmL_bdYd_hEu_E9EsE/dist/build.js to local function app
[info] [hosting] Rewriting /favicon.ico to local function app
[info] [hosting] Rewriting /v1/vuejs/CC1EPYpIaAT2fdgnLe7sECnb4Dc2/-KxmL_bdYd_hEu_E9EsE/dist/index.html to local function app
[info] [hosting] Rewriting /v1/vuejs/CC1EPYpIaAT2fdgnLe7sECnb4Dc2/-KxmL_bdYd_hEu_E9EsE/dist/index.html to local function app
[info] [hosting] Rewriting /v1/vuejs/CC1EPYpIaAT2fdgnLe7sECnb4Dc2/-KxmL_bdYd_hEu_E9EsE/dist/index.html?rand=0.20348123483267466 to local function app
[info] [hosting] Rewriting /v1/vuejs/CC1EPYpIaAT2fdgnLe7sECnb4Dc2/-KxmL_bdYd_hEu_E9EsE/dist/build.js to local function app
[info] [hosting] Rewriting /favicon.ico to local function app
[info] [hosting] Rewriting /v1/vuejs/CC1EPYpIaAT2fdgnLe7sECnb4Dc2/-KxmL_bdYd_hEu_E9EsE/dist/index.html to local function app
[info] [hosting] Rewriting /v1/vuejs/CC1EPYpIaAT2fdgnLe7sECnb4Dc2/-KxmL_bdYd_hEu_E9EsE/dist/index.html to local function app
[info] [hosting] Rewriting /v1/vuejs/CC1EPYpIaAT2fdgnLe7sECnb4Dc2/-KxmL_bdYd_hEu_E9EsE/dist/index.html?rand=0.05356809997160883 to local function app
[info] [hosting] Rewriting /v1/vuejs/CC1EPYpIaAT2fdgnLe7sECnb4Dc2/-KxmL_bdYd_hEu_E9EsE/dist/build.js to local function app
[info] [hosting] Rewriting /favicon.ico to local function app
[info] [hosting] Rewriting /v1/vuejs/CC1EPYpIaAT2fdgnLe7sECnb4Dc2/-KxmL_bdYd_hEu_E9EsE/dist/index.html to local function app
[info] [hosting] Rewriting /v1/vuejs/CC1EPYpIaAT2fdgnLe7sECnb4Dc2/-KxmL_bdYd_hEu_E9EsE/dist/index.html?rand=0.1820872643092224 to local function app
[info] [hosting] Rewriting /v1/vuejs/CC1EPYpIaAT2fdgnLe7sECnb4Dc2/-KxmL_bdYd_hEu_E9EsE/dist/build.js to local function app
[info] [hosting] Rewriting /favicon.ico to local function app
[info] [hosting] Rewriting /v1/vuejs/CC1EPYpIaAT2fdgnLe7sECnb4Dc2/-KxmL_bdYd_hEu_E9EsE/dist/index.html to local function app
[info] [hosting] Rewriting /v1/vuejs/CC1EPYpIaAT2fdgnLe7sECnb4Dc2/-KxmL_bdYd_hEu_E9EsE/dist/index.html to local function app
[info] [hosting] Rewriting /v1/vuejs/CC1EPYpIaAT2fdgnLe7sECnb4Dc2/-KxmL_bdYd_hEu_E9EsE/dist/index.html?rand=0.8635523910035572 to local function app
[info] [hosting] Rewriting /v1/vuejs/CC1EPYpIaAT2fdgnLe7sECnb4Dc2/-KxmL_bdYd_hEu_E9EsE/dist/build.js to local function app
[info] [hosting] Rewriting /favicon.ico to local function app
[info] [hosting] Rewriting /v1/vuejs/CC1EPYpIaAT2fdgnLe7sECnb4Dc2/-KxmL_bdYd_hEu_E9EsE/dist/index.html to local function app
[info] [hosting] Rewriting /v1/vuejs/CC1EPYpIaAT2fdgnLe7sECnb4Dc2/-KxmL_bdYd_hEu_E9EsE/dist/index.html?rand=0.3029968332179356 to local function app
[info] [hosting] Rewriting /v1/vuejs/CC1EPYpIaAT2fdgnLe7sECnb4Dc2/-KxmL_bdYd_hEu_E9EsE/dist/build.js to local function app
[info] [hosting] Rewriting /favicon.ico to local function app
[info] [hosting] Rewriting /v1/vuejs/CC1EPYpIaAT2fdgnLe7sECnb4Dc2/-KxmL_bdYd_hEu_E9EsE/dist/index.html to local function app
[info] [hosting] Rewriting /v1/vuejs/CC1EPYpIaAT2fdgnLe7sECnb4Dc2/-KxmL_bdYd_hEu_E9EsE/dist/index.html to local function app
[info] [hosting] Rewriting /v1/vuejs/CC1EPYpIaAT2fdgnLe7sECnb4Dc2/-KxmL_bdYd_hEu_E9EsE/dist/index.html?rand=0.021305764772698188 to local function app
[info] [hosting] Rewriting /v1/vuejs/CC1EPYpIaAT2fdgnLe7sECnb4Dc2/-KxmL_bdYd_hEu_E9EsE/dist/build.js to local function app
[info] [hosting] Rewriting /favicon.ico to local function app
[info] [hosting] Rewriting /favicon.ico to local function app
[info] [hosting] Rewriting /favicon.ico to local function app
[info] [hosting] Rewriting /favicon.ico to local function app
[info] [hosting] Rewriting /v1/vuejs/CC1EPYpIaAT2fdgnLe7sECnb4Dc2/-KxmL_bdYd_hEu_E9EsE/dist/index.html to local function app
[info] [hosting] Rewriting /v1/vuejs/CC1EPYpIaAT2fdgnLe7sECnb4Dc2/-KxmL_bdYd_hEu_E9EsE/dist/index.html to local function app
[info] [hosting] Rewriting /v1/vuejs/CC1EPYpIaAT2fdgnLe7sECnb4Dc2/-KxmL_bdYd_hEu_E9EsE/dist/index.html?rand=0.6474614874955222 to local function app
[info] [hosting] Rewriting /v1/vuejs/CC1EPYpIaAT2fdgnLe7sECnb4Dc2/-KxmL_bdYd_hEu_E9EsE/dist/build.js to local function app
[info] [hosting] Rewriting /favicon.ico to local function app
[info] [hosting] Rewriting /v1/vuejs/CC1EPYpIaAT2fdgnLe7sECnb4Dc2/-KxmL_bdYd_hEu_E9EsE/dist/index.html to local function app
[info] [hosting] Rewriting /v1/vuejs/CC1EPYpIaAT2fdgnLe7sECnb4Dc2/-KxmL_bdYd_hEu_E9EsE/dist/index.html to local function app
[info] [hosting] Rewriting /v1/vuejs/CC1EPYpIaAT2fdgnLe7sECnb4Dc2/-KxmL_bdYd_hEu_E9EsE/dist/index.html?rand=0.7471346877699985 to local function app
[info] [hosting] Rewriting /v1/vuejs/CC1EPYpIaAT2fdgnLe7sECnb4Dc2/-KxmL_bdYd_hEu_E9EsE/dist/build.js to local function app
[info] [hosting] Rewriting /favicon.ico to local function app
[info] [hosting] Rewriting /favicon.ico to local function app
[info] [hosting] Rewriting /favicon.ico to local function app
[info] [hosting] Rewriting /favicon.ico to local function app
[info] [hosting] Rewriting /v1/vuejs/CC1EPYpIaAT2fdgnLe7sECnb4Dc2/-KxmL_bdYd_hEu_E9EsE/dist/index.html to local function app
[info] [hosting] Rewriting /v1/vuejs/CC1EPYpIaAT2fdgnLe7sECnb4Dc2/-KxmL_bdYd_hEu_E9EsE/dist/index.html to local function app
[info] [hosting] Rewriting /v1/vuejs/CC1EPYpIaAT2fdgnLe7sECnb4Dc2/-KxmL_bdYd_hEu_E9EsE/dist/index.html?rand=0.7471346877699985 to local function app
[info] [hosting] Rewriting /v1/vuejs/CC1EPYpIaAT2fdgnLe7sECnb4Dc2/-KxmL_bdYd_hEu_E9EsE/dist/build.js to local function app
[info] [hosting] Rewriting /favicon.ico to local function app
[info] [hosting] Rewriting /v1/vuejs/CC1EPYpIaAT2fdgnLe7sECnb4Dc2/-KxmL_bdYd_hEu_E9EsE/dist/index.html?rand=0.7471346877699985 to local function app
[info] [hosting] Rewriting /v1/vuejs/CC1EPYpIaAT2fdgnLe7sECnb4Dc2/-KxmL_bdYd_hEu_E9EsE/dist/build.js to local function app
[info] [hosting] Rewriting /favicon.ico to local function app
[info] [hosting] Rewriting /v1/vuejs/CC1EPYpIaAT2fdgnLe7sECnb4Dc2/-KxmL_bdYd_hEu_E9EsE/dist/index.html?rand=0.7471346877699985 to local function app
[info] [hosting] Rewriting /v1/vuejs/CC1EPYpIaAT2fdgnLe7sECnb4Dc2/-KxmL_bdYd_hEu_E9EsE/dist/build.js to local function app
[info] [hosting] Rewriting /favicon.ico to local function app
[info] [hosting] Rewriting /v1/vuejs/CC1EPYpIaAT2fdgnLe7sECnb4Dc2/-KxmL_bdYd_hEu_E9EsE/dist/index.html to local function app
[info] [hosting] Rewriting /v1/vuejs/CC1EPYpIaAT2fdgnLe7sECnb4Dc2/-KxmL_bdYd_hEu_E9EsE/dist/index.html to local function app
[info] [hosting] Rewriting /v1/vuejs/CC1EPYpIaAT2fdgnLe7sECnb4Dc2/-KxmL_bdYd_hEu_E9EsE/dist/index.html to local function app
[info] [hosting] Rewriting /v1/vuejs/CC1EPYpIaAT2fdgnLe7sECnb4Dc2/-KxmL_bdYd_hEu_E9EsE/dist/index.html to local function app
[info] [hosting] Rewriting /v1/vuejs/CC1EPYpIaAT2fdgnLe7sECnb4Dc2/-KxmL_bdYd_hEu_E9EsE/dist/index.html to local function app
[info] [hosting] Rewriting /v1/vuejs/CC1EPYpIaAT2fdgnLe7sECnb4Dc2/-KxmL_bdYd_hEu_E9EsE/dist/index.html to local function app
[info] [hosting] Rewriting /v1/vuejs/CC1EPYpIaAT2fdgnLe7sECnb4Dc2/-KxmL_bdYd_hEu_E9EsE/dist/index.html?rand=0.7203004083589657 to local function app
[info] [hosting] Rewriting /v1/vuejs/CC1EPYpIaAT2fdgnLe7sECnb4Dc2/-KxmL_bdYd_hEu_E9EsE/dist/build.js to local function app
[info] [hosting] Rewriting /favicon.ico to local function app
[info] [hosting] Rewriting /v1/vuejs/CC1EPYpIaAT2fdgnLe7sECnb4Dc2/-KxmL_bdYd_hEu_E9EsE/dist/index.html to local function app
[info] [hosting] Rewriting /v1/vuejs/CC1EPYpIaAT2fdgnLe7sECnb4Dc2/-KxmL_bdYd_hEu_E9EsE/dist/index.html to local function app
[info] [hosting] Rewriting /v1/vuejs/CC1EPYpIaAT2fdgnLe7sECnb4Dc2/-KxmL_bdYd_hEu_E9EsE/dist/index.html?rand=0.986877589623139 to local function app
[info] [hosting] Rewriting /v1/vuejs/CC1EPYpIaAT2fdgnLe7sECnb4Dc2/-KxmL_bdYd_hEu_E9EsE/dist/build.js to local function app
[info] [hosting] Rewriting /favicon.ico to local function app
[info] [hosting] Rewriting /v1/vuejs/CC1EPYpIaAT2fdgnLe7sECnb4Dc2/-KxmL_bdYd_hEu_E9EsE/dist/index.html to local function app
[info] [hosting] Rewriting /v1/vuejs/CC1EPYpIaAT2fdgnLe7sECnb4Dc2/-KxmL_bdYd_hEu_E9EsE/dist/index.html?rand=0.26332965856935586 to local function app
[info] [hosting] Rewriting /v1/vuejs/CC1EPYpIaAT2fdgnLe7sECnb4Dc2/-KxmL_bdYd_hEu_E9EsE/dist/build.js to local function app
[info] [hosting] Rewriting /favicon.ico to local function app
[info] [hosting] Rewriting /v1/vuejs/CC1EPYpIaAT2fdgnLe7sECnb4Dc2/-KxmL_bdYd_hEu_E9EsE/dist/index.html to local function app
[info] [hosting] Rewriting /v1/vuejs/CC1EPYpIaAT2fdgnLe7sECnb4Dc2/-KxmL_bdYd_hEu_E9EsE/dist/index.html?rand=0.35441554331048586 to local function app
[info] [hosting] Rewriting /v1/vuejs/CC1EPYpIaAT2fdgnLe7sECnb4Dc2/-KxmL_bdYd_hEu_E9EsE/dist/build.js to local function app
[info] [hosting] Rewriting /favicon.ico to local function app
[info] [hosting] Rewriting /v1/vuejs/CC1EPYpIaAT2fdgnLe7sECnb4Dc2/-KxmL_bdYd_hEu_E9EsE/dist/index.html?rand=0.35441554331048586 to local function app
[info] [hosting] Rewriting /v1/vuejs/CC1EPYpIaAT2fdgnLe7sECnb4Dc2/-KxmL_bdYd_hEu_E9EsE/dist/build.js to local function app
[info] [hosting] Rewriting /favicon.ico to local function app
[info] [hosting] Rewriting /favicon.ico to local function app
[info] [hosting] Rewriting /favicon.ico to local function app
[info] [hosting] Rewriting /v1/vuejs/CC1EPYpIaAT2fdgnLe7sECnb4Dc2/-KxmL_bdYd_hEu_E9EsE/dist/index.html to local function app
[info] [hosting] Rewriting /v1/vuejs/CC1EPYpIaAT2fdgnLe7sECnb4Dc2/-KxmL_bdYd_hEu_E9EsE/dist/index.html to local function app
[info] [hosting] Rewriting /v1/vuejs/CC1EPYpIaAT2fdgnLe7sECnb4Dc2/-KxmL_bdYd_hEu_E9EsE/dist/index.html to local function app
[info] [hosting] Rewriting /v1/vuejs/CC1EPYpIaAT2fdgnLe7sECnb4Dc2/-KxmL_bdYd_hEu_E9EsE/dist/index.html to local function app
[info] [hosting] Rewriting /v1/vuejs/CC1EPYpIaAT2fdgnLe7sECnb4Dc2/-KxmL_bdYd_hEu_E9EsE/dist/index.html to local function app
[info] [hosting] Rewriting /v1/vuejs/CC1EPYpIaAT2fdgnLe7sECnb4Dc2/-KxmL_bdYd_hEu_E9EsE/dist/index.html to local function app
[info] [hosting] Rewriting /v1/vuejs/CC1EPYpIaAT2fdgnLe7sECnb4Dc2/-KxmL_bdYd_hEu_E9EsE/dist/index.html to local function app
[info] [hosting] Rewriting /v1/vuejs/CC1EPYpIaAT2fdgnLe7sECnb4Dc2/-KxmL_bdYd_hEu_E9EsE/dist/index.html to local function app
[info] [hosting] Rewriting /v1/vuejs/CC1EPYpIaAT2fdgnLe7sECnb4Dc2/-KxmL_bdYd_hEu_E9EsE/dist/index.html to local function app
[info] [hosting] Rewriting /v1/vuejs/CC1EPYpIaAT2fdgnLe7sECnb4Dc2/-KxmL_bdYd_hEu_E9EsE/dist/index.html to local function app
[info] [hosting] Rewriting /v1/vuejs/CC1EPYpIaAT2fdgnLe7sECnb4Dc2/-KxmL_bdYd_hEu_E9EsE/dist/index.html to local function app
[info] [hosting] Rewriting /v1/vuejs/CC1EPYpIaAT2fdgnLe7sECnb4Dc2/-KxmL_bdYd_hEu_E9EsE/dist/index.html?rand=0.8012240611335384 to local function app
[info] [hosting] Rewriting /v1/vuejs/CC1EPYpIaAT2fdgnLe7sECnb4Dc2/-KxmL_bdYd_hEu_E9EsE/dist/build.js to local function app
[info] [hosting] Rewriting /favicon.ico to local function app
[info] [hosting] Rewriting /v1/vuejs/CC1EPYpIaAT2fdgnLe7sECnb4Dc2/-KxmL_bdYd_hEu_E9EsE/dist/index.html to local function app
[info] [hosting] Rewriting /v1/vuejs/CC1EPYpIaAT2fdgnLe7sECnb4Dc2/-KxmL_bdYd_hEu_E9EsE/dist/index.html to local function app
[info] [hosting] Rewriting /v1/vuejs/CC1EPYpIaAT2fdgnLe7sECnb4Dc2/-KxmL_bdYd_hEu_E9EsE/dist/index.html?rand=0.1200696388243454 to local function app
[info] [hosting] Rewriting /v1/vuejs/CC1EPYpIaAT2fdgnLe7sECnb4Dc2/-KxmL_bdYd_hEu_E9EsE/dist/build.js to local function app
[info] [hosting] Rewriting /favicon.ico to local function app
[info] [hosting] Rewriting /v1/vuejs/CC1EPYpIaAT2fdgnLe7sECnb4Dc2/-KxmL_bdYd_hEu_E9EsE/dist/index.html to local function app
[info] [hosting] Rewriting /v1/vuejs/CC1EPYpIaAT2fdgnLe7sECnb4Dc2/-KxmL_bdYd_hEu_E9EsE/dist/index.html?rand=0.07132750658826392 to local function app
[info] [hosting] Rewriting /v1/vuejs/CC1EPYpIaAT2fdgnLe7sECnb4Dc2/-KxmL_bdYd_hEu_E9EsE/dist/build.js to local function app
[info] [hosting] Rewriting /favicon.ico to local function app
[info] [hosting] Rewriting /v1/vuejs/CC1EPYpIaAT2fdgnLe7sECnb4Dc2/-KxmL_bdYd_hEu_E9EsE/dist/index.html to local function app
[info] [hosting] Rewriting /v1/vuejs/CC1EPYpIaAT2fdgnLe7sECnb4Dc2/-KxmL_bdYd_hEu_E9EsE/dist/index.html to local function app
[info] [hosting] Rewriting /v1/vuejs/CC1EPYpIaAT2fdgnLe7sECnb4Dc2/-KxmL_bdYd_hEu_E9EsE/dist/index.html?rand=0.07132750658826392 to local function app
[info] [hosting] Rewriting /v1/vuejs/CC1EPYpIaAT2fdgnLe7sECnb4Dc2/-KxmL_bdYd_hEu_E9EsE/dist/build.js to local function app
[info] [hosting] Rewriting /favicon.ico to local function app
[info] [hosting] Rewriting /v1/vuejs/CC1EPYpIaAT2fdgnLe7sECnb4Dc2/-KxmL_bdYd_hEu_E9EsE/dist/index.html to local function app
[info] [hosting] Rewriting /v1/vuejs/CC1EPYpIaAT2fdgnLe7sECnb4Dc2/-KxmL_bdYd_hEu_E9EsE/dist/build.js to local function app
[info] [hosting] Rewriting /favicon.ico to local function app
[info] [hosting] Rewriting /v1/vuejs/CC1EPYpIaAT2fdgnLe7sECnb4Dc2/-KxmL_bdYd_hEu_E9EsE/dist/index.html to local function app
[info] [hosting] Rewriting /v1/vuejs/CC1EPYpIaAT2fdgnLe7sECnb4Dc2/-KxmL_bdYd_hEu_E9EsE/dist/index.html to local function app
[info] [hosting] Rewriting /favicon.ico to local function app
[info] [hosting] Rewriting /v1/vuejs/CC1EPYpIaAT2fdgnLe7sECnb4Dc2/-KxmL_bdYd_hEu_E9EsE/dist/index.html to local function app
[info] [hosting] Rewriting /v1/vuejs/CC1EPYpIaAT2fdgnLe7sECnb4Dc2/-KxmL_bdYd_hEu_E9EsE/dist/index.html to local function app
[info] [hosting] Rewriting /favicon.ico to local function app
[info] [hosting] Rewriting /v1/vuejs/CC1EPYpIaAT2fdgnLe7sECnb4Dc2/-KxmL_bdYd_hEu_E9EsE/dist/index.html to local function app
[info] [hosting] Rewriting /v1/vuejs/CC1EPYpIaAT2fdgnLe7sECnb4Dc2/-KxmL_bdYd_hEu_E9EsE/dist/index.html to local function app
[info] [hosting] Rewriting /favicon.ico to local function app
[info] [hosting] Rewriting /v1/vuejs/CC1EPYpIaAT2fdgnLe7sECnb4Dc2/-KxmL_bdYd_hEu_E9EsE/dist/index.html to local function app
[info] [hosting] Rewriting /favicon.ico to local function app
[info] [hosting] Rewriting /v1/vuejs/CC1EPYpIaAT2fdgnLe7sECnb4Dc2/-KxmL_bdYd_hEu_E9EsE/dist/index.html to local function app
[info] [hosting] Rewriting /v1/vuejs/CC1EPYpIaAT2fdgnLe7sECnb4Dc2/-KxmL_bdYd_hEu_E9EsE/dist/index.html to local function app
[info] [hosting] Rewriting /v1/vuejs/CC1EPYpIaAT2fdgnLe7sECnb4Dc2/-KxmL_bdYd_hEu_E9EsE/dist/index.html to local function app
[info] [hosting] Rewriting /v1/vuejs/CC1EPYpIaAT2fdgnLe7sECnb4Dc2/-KxmL_bdYd_hEu_E9EsE/dist/index.html to local function app
[info] [hosting] Rewriting /v1/vuejs/CC1EPYpIaAT2fdgnLe7sECnb4Dc2/-KxmL_bdYd_hEu_E9EsE/dist/index.html to local function app
[info] [hosting] Rewriting /favicon.ico to local function app
[info] [hosting] Rewriting /v1/vuejs/CC1EPYpIaAT2fdgnLe7sECnb4Dc2/-KyIfpkOgT-A-dLWmk7x/dist/index.html to local function app
[info] [hosting] Rewriting /v1/vuejs/CC1EPYpIaAT2fdgnLe7sECnb4Dc2/-KyIfpkOgT-A-dLWmk7x/dist/build.js to local function app
[info] [hosting] Rewriting /favicon.ico to local function app
[info] [hosting] Rewriting /v1/vuejs/CC1EPYpIaAT2fdgnLe7sECnb4Dc2/-KyIfpkOgT-A-dLWmk7x/dist/index.html to local function app
[info] [hosting] Rewriting /v1/vuejs/CC1EPYpIaAT2fdgnLe7sECnb4Dc2/-KyIfpkOgT-A-dLWmk7x/dist/index.html to local function app
[info] [hosting] Rewriting /favicon.ico to local function app
[info] [hosting] Rewriting /v1/vuejs/CC1EPYpIaAT2fdgnLe7sECnb4Dc2/-KyIfpkOgT-A-dLWmk7x/dist/index.html to local function app
[info] [hosting] Rewriting /favicon.ico to local function app
[info] [hosting] Rewriting /v1/vuejs/CC1EPYpIaAT2fdgnLe7sECnb4Dc2/-KyIfpkOgT-A-dLWmk7x/dist/index.html to local function app
[info] [hosting] Rewriting /favicon.ico to local function app
[info] [hosting] Rewriting /v1/vuejs/CC1EPYpIaAT2fdgnLe7sECnb4Dc2/-KyIfpkOgT-A-dLWmk7x/dist/index.html to local function app
[info] [hosting] Rewriting /v1/vuejs/CC1EPYpIaAT2fdgnLe7sECnb4Dc2/-KyIfpkOgT-A-dLWmk7x/dist/index.html to local function app
[info] [hosting] Rewriting /favicon.ico to local function app
[info] [hosting] Rewriting /v1/vuejs/CC1EPYpIaAT2fdgnLe7sECnb4Dc2/-KyIfpkOgT-A-dLWmk7x/dist/index.html to local function app
[info] [hosting] Rewriting /v1/vuejs/CC1EPYpIaAT2fdgnLe7sECnb4Dc2/-KyIfpkOgT-A-dLWmk7x/dist/index.html to local function app
[info] [hosting] Rewriting /favicon.ico to local function app
[info] [hosting] Rewriting /v1/vuejs/CC1EPYpIaAT2fdgnLe7sECnb4Dc2/-KyIfpkOgT-A-dLWmk7x/dist/index.html to local function app
[info] [hosting] Rewriting /favicon.ico to local function app
[info] [hosting] Rewriting /v1/vuejs/CC1EPYpIaAT2fdgnLe7sECnb4Dc2/-KyIfpkOgT-A-dLWmk7x/dist/index.html to local function app
[info] [hosting] Rewriting /v1/vuejs/CC1EPYpIaAT2fdgnLe7sECnb4Dc2/-KyIfpkOgT-A-dLWmk7x/dist/index.html to local function app
[info] [hosting] Rewriting /favicon.ico to local function app
[info] [hosting] Rewriting /v1/vuejs/CC1EPYpIaAT2fdgnLe7sECnb4Dc2/-KyIfpkOgT-A-dLWmk7x/dist/index.html to local function app
[info] [hosting] Rewriting /v1/vuejs/CC1EPYpIaAT2fdgnLe7sECnb4Dc2/-KyIfpkOgT-A-dLWmk7x/dist/index.html to local function app
[info] [hosting] Rewriting /favicon.ico to local function app
[info] [hosting] Rewriting /favicon.ico to local function app
[info] [hosting] Rewriting /favicon.ico to local function app
[info] [hosting] Rewriting /v1/vuejs/CC1EPYpIaAT2fdgnLe7sECnb4Dc2/-KyIfpkOgT-A-dLWmk7x/dist/index.html to local function app
[info] [hosting] Rewriting /v1/vuejs/CC1EPYpIaAT2fdgnLe7sECnb4Dc2/-KyIfpkOgT-A-dLWmk7x/dist/index.html to local function app
[info] [hosting] Rewriting /favicon.ico to local function app
[info] [hosting] Rewriting /v1/vuejs/CC1EPYpIaAT2fdgnLe7sECnb4Dc2/-KyIfpkOgT-A-dLWmk7x/dist/index.html to local function app
[info] [hosting] Rewriting /v1/vuejs/CC1EPYpIaAT2fdgnLe7sECnb4Dc2/-KyIfpkOgT-A-dLWmk7x/dist/index.html to local function app
[info] [hosting] Rewriting /favicon.ico to local function app
[info] [hosting] Rewriting /v1/vuejs/CC1EPYpIaAT2fdgnLe7sECnb4Dc2/-KyIfpkOgT-A-dLWmk7x/dist/index.html to local function app
[info] [hosting] Rewriting /v1/vuejs/CC1EPYpIaAT2fdgnLe7sECnb4Dc2/-KyIfpkOgT-A-dLWmk7x/dist/index.html to local function app
[info] [hosting] Rewriting /favicon.ico to local function app
[info] [hosting] Rewriting /v1/vuejs/CC1EPYpIaAT2fdgnLe7sECnb4Dc2/-KyIfpkOgT-A-dLWmk7x/dist/index.html to local function app
[info] [hosting] Rewriting /v1/vuejs/CC1EPYpIaAT2fdgnLe7sECnb4Dc2/-KyIfpkOgT-A-dLWmk7x/dist/build.js to local function app
[info] [hosting] Rewriting /favicon.ico to local function app
[info] [hosting] Rewriting /v1/vuejs/CC1EPYpIaAT2fdgnLe7sECnb4Dc2/-KyIfpkOgT-A-dLWmk7x/dist/index.html to local function app
[info] [hosting] Rewriting /v1/vuejs/CC1EPYpIaAT2fdgnLe7sECnb4Dc2/-KyIfpkOgT-A-dLWmk7x/dist/index.html to local function app
[info] [hosting] Rewriting /favicon.ico to local function app
[info] [hosting] Rewriting /v1/vuejs/CC1EPYpIaAT2fdgnLe7sECnb4Dc2/-KyIfpkOgT-A-dLWmk7x/dist/index.html to local function app
[info] [hosting] Rewriting /v1/vuejs/CC1EPYpIaAT2fdgnLe7sECnb4Dc2/-KyIfpkOgT-A-dLWmk7x/dist/index.html to local function app
[info] [hosting] Rewriting /favicon.ico to local function app
[info] [hosting] Rewriting /v1/vuejs/CC1EPYpIaAT2fdgnLe7sECnb4Dc2/-KyIfpkOgT-A-dLWmk7x/dist/index.html to local function app
[info] [hosting] Rewriting /v1/vuejs/CC1EPYpIaAT2fdgnLe7sECnb4Dc2/-KyIfpkOgT-A-dLWmk7x/dist/index.html to local function app
[info] [hosting] Rewriting /favicon.ico to local function app
[info] [hosting] Rewriting /v1/vuejs/CC1EPYpIaAT2fdgnLe7sECnb4Dc2/-KyIfpkOgT-A-dLWmk7x/dist/index.html to local function app
[info] [hosting] Rewriting /favicon.ico to local function app
[info] [hosting] Rewriting /v1/vuejs/CC1EPYpIaAT2fdgnLe7sECnb4Dc2/-KyIfpkOgT-A-dLWmk7x/dist/index.html to local function app
[info] [hosting] Rewriting /v1/vuejs/CC1EPYpIaAT2fdgnLe7sECnb4Dc2/-KyIfpkOgT-A-dLWmk7x/dist/build.js to local function app
[info] [hosting] Rewriting /favicon.ico to local function app
[info] [hosting] Rewriting /v1/vuejs/CC1EPYpIaAT2fdgnLe7sECnb4Dc2/-KyIfpkOgT-A-dLWmk7x/dist/index.html to local function app
[info] [hosting] Rewriting /v1/vuejs/CC1EPYpIaAT2fdgnLe7sECnb4Dc2/-KyIfpkOgT-A-dLWmk7x/dist/index.html to local function app
[info] [hosting] Rewriting /favicon.ico to local function app
[info] [hosting] Rewriting /v1/vuejs/CC1EPYpIaAT2fdgnLe7sECnb4Dc2/-KyIfpkOgT-A-dLWmk7x/dist/index.html to local function app
[info] [hosting] Rewriting /favicon.ico to local function app
[info] [hosting] Rewriting /v1/vuejs/CC1EPYpIaAT2fdgnLe7sECnb4Dc2/-KyIfpkOgT-A-dLWmk7x/dist/index.html to local function app
[info] [hosting] Rewriting /favicon.ico to local function app
[info] [hosting] Rewriting /v1/vuejs/CC1EPYpIaAT2fdgnLe7sECnb4Dc2/-KyIfpkOgT-A-dLWmk7x/dist/index.html to local function app
[info] [hosting] Rewriting /v1/vuejs/CC1EPYpIaAT2fdgnLe7sECnb4Dc2/-KyIfpkOgT-A-dLWmk7x/dist/index.html to local function app
[info] [hosting] Rewriting /favicon.ico to local function app
[info] [hosting] Rewriting /v1/vuejs/CC1EPYpIaAT2fdgnLe7sECnb4Dc2/-KyIfpkOgT-A-dLWmk7x/dist/index.html to local function app
[info] [hosting] Rewriting /v1/vuejs/CC1EPYpIaAT2fdgnLe7sECnb4Dc2/-KyIfpkOgT-A-dLWmk7x/dist/index.html to local function app
[info] [hosting] Rewriting /v1/vuejs/CC1EPYpIaAT2fdgnLe7sECnb4Dc2/-KyIfpkOgT-A-dLWmk7x/dist/index.html to local function app
[info] [hosting] Rewriting /v1/vuejs/CC1EPYpIaAT2fdgnLe7sECnb4Dc2/-KyIfpkOgT-A-dLWmk7x/dist/build.js to local function app
[info] [hosting] Rewriting /favicon.ico to local function app
[info] [hosting] Rewriting /v1/vuejs/CC1EPYpIaAT2fdgnLe7sECnb4Dc2/-KyIfpkOgT-A-dLWmk7x/dist/index.html to local function app
[info] [hosting] Rewriting /v1/vuejs/CC1EPYpIaAT2fdgnLe7sECnb4Dc2/-KyIfpkOgT-A-dLWmk7x/dist/index.html to local function app
[info] [hosting] Rewriting /v1/vuejs/CC1EPYpIaAT2fdgnLe7sECnb4Dc2/-KyIfpkOgT-A-dLWmk7x/dist/index.html?rand=0.42613238205263526 to local function app
[info] [hosting] Rewriting /v1/vuejs/CC1EPYpIaAT2fdgnLe7sECnb4Dc2/-KyIfpkOgT-A-dLWmk7x/dist/build.js to local function app
[info] [hosting] Rewriting /favicon.ico to local function app
[info] [hosting] Rewriting /v1/vuejs/CC1EPYpIaAT2fdgnLe7sECnb4Dc2/-KyIfpkOgT-A-dLWmk7x/dist/index.html to local function app
[info] [hosting] Rewriting /v1/vuejs/CC1EPYpIaAT2fdgnLe7sECnb4Dc2/-KyIfpkOgT-A-dLWmk7x/dist/index.html?rand=0.2108129879903009 to local function app
[info] [hosting] Rewriting /v1/vuejs/CC1EPYpIaAT2fdgnLe7sECnb4Dc2/-KyIfpkOgT-A-dLWmk7x/dist/build.js to local function app
[info] [hosting] Rewriting /favicon.ico to local function app
[info] [hosting] Rewriting /v1/vuejs/CC1EPYpIaAT2fdgnLe7sECnb4Dc2/-KyIfpkOgT-A-dLWmk7x/dist/index.html to local function app
[info] [hosting] Rewriting /v1/vuejs/CC1EPYpIaAT2fdgnLe7sECnb4Dc2/-KyIfpkOgT-A-dLWmk7x/dist/index.html to local function app
[info] [hosting] Rewriting /v1/vuejs/CC1EPYpIaAT2fdgnLe7sECnb4Dc2/-KyIfpkOgT-A-dLWmk7x/dist/index.html?rand=0.6644859860552883 to local function app
[info] [hosting] Rewriting /v1/vuejs/CC1EPYpIaAT2fdgnLe7sECnb4Dc2/-KyIfpkOgT-A-dLWmk7x/dist/build.js to local function app
[info] [hosting] Rewriting /favicon.ico to local function app
[info] [hosting] Rewriting /v1/vuejs/CC1EPYpIaAT2fdgnLe7sECnb4Dc2/-KyIfpkOgT-A-dLWmk7x/dist/index.html to local function app
[info] [hosting] Rewriting /v1/vuejs/CC1EPYpIaAT2fdgnLe7sECnb4Dc2/-KyIfpkOgT-A-dLWmk7x/dist/index.html?rand=0.36483647769468996 to local function app
[info] [hosting] Rewriting /v1/vuejs/CC1EPYpIaAT2fdgnLe7sECnb4Dc2/-KyIfpkOgT-A-dLWmk7x/dist/build.js to local function app
[info] [hosting] Rewriting /favicon.ico to local function app
